<?xml version="1.0" encoding="UTF-8"?>
<!-- Generated by org.testng.reporters.JUnitReportReporter -->
<testsuite hostname="DESKTOP-NNRVDRO" failures="0" tests="1" name="testRunner.RunnerClass" time="37.863" errors="0" timestamp="2024-01-04T14:24:50 IST" skipped="0">
  <testcase classname="testRunner.RunnerClass" name="runScenario" time="37.863"/>
  <system-out/>
</testsuite> <!-- testRunner.RunnerClass -->
