<?xml version="1.0" encoding="UTF-8"?>
<!-- Generated by org.testng.reporters.JUnitReportReporter -->
<testsuite hostname="DESKTOP-NNRVDRO" failures="0" tests="3" name="testRunner.FacebookRunnerClass" time="102.801" errors="0" timestamp="2024-01-17T18:53:35 IST" skipped="0">
  <testcase classname="testRunner.FacebookRunnerClass" name="runScenario" time="27.112"/>
  <system-out/>
  <testcase classname="testRunner.FacebookRunnerClass" name="runScenario" time="32.752"/>
  <system-out/>
  <testcase classname="testRunner.FacebookRunnerClass" name="runScenario" time="42.937"/>
  <system-out/>
</testsuite> <!-- testRunner.FacebookRunnerClass -->
